2025-08-09 13:40:12,797 - root - INFO - Demo logging system initialized
2025-08-09 13:40:12,797 - root - INFO - 🔧 Initializing demo components...
2025-08-09 13:40:12,798 - root - INFO - Simplified LSTM models initialized successfully
2025-08-09 13:40:12,798 - root - INFO - Models loaded successfully
2025-08-09 13:40:12,804 - root - INFO - Performance tracking database initialized
2025-08-09 13:40:12,810 - root - INFO - ✅ Demo components initialized successfully
2025-08-09 13:40:12,810 - root - INFO - 🚀 Starting Demo Signal Generation Engine...
2025-08-09 13:40:12,810 - root - INFO - 🚀 Starting Simplified Signal Generation Engine...
2025-08-09 13:40:12,810 - root - INFO - Starting Demo Pocket Option API...
2025-08-09 13:40:12,814 - root - INFO - Demo Pocket Option API started successfully
2025-08-09 13:40:12,815 - root - INFO - Performance tracking started
2025-08-09 13:40:12,815 - root - INFO - Risk level set to: MODERATE
2025-08-09 13:40:12,815 - root - INFO - ✅ Simplified Signal Generation Engine started successfully
2025-08-09 13:45:12,828 - root - WARNING - Error predicting with random_forest: This StandardScaler instance is not fitted yet. Call 'fit' with appropriate arguments before using this estimator.
2025-08-09 13:45:12,828 - root - WARNING - Error predicting with gradient_boosting: This StandardScaler instance is not fitted yet. Call 'fit' with appropriate arguments before using this estimator.
2025-08-09 13:45:12,828 - root - WARNING - Error predicting with svr: This StandardScaler instance is not fitted yet. Call 'fit' with appropriate arguments before using this estimator.
2025-08-09 13:45:12,835 - root - WARNING - Error predicting with random_forest: This StandardScaler instance is not fitted yet. Call 'fit' with appropriate arguments before using this estimator.
2025-08-09 13:45:12,835 - root - WARNING - Error predicting with gradient_boosting: This StandardScaler instance is not fitted yet. Call 'fit' with appropriate arguments before using this estimator.
2025-08-09 13:45:12,835 - root - WARNING - Error predicting with svr: This StandardScaler instance is not fitted yet. Call 'fit' with appropriate arguments before using this estimator.
2025-08-09 13:45:12,842 - root - WARNING - Error predicting with random_forest: This StandardScaler instance is not fitted yet. Call 'fit' with appropriate arguments before using this estimator.
2025-08-09 13:45:12,842 - root - WARNING - Error predicting with gradient_boosting: This StandardScaler instance is not fitted yet. Call 'fit' with appropriate arguments before using this estimator.
2025-08-09 13:45:12,842 - root - WARNING - Error predicting with svr: This StandardScaler instance is not fitted yet. Call 'fit' with appropriate arguments before using this estimator.
2025-08-09 13:45:12,849 - root - WARNING - Error predicting with random_forest: This StandardScaler instance is not fitted yet. Call 'fit' with appropriate arguments before using this estimator.
2025-08-09 13:45:12,849 - root - WARNING - Error predicting with gradient_boosting: This StandardScaler instance is not fitted yet. Call 'fit' with appropriate arguments before using this estimator.
2025-08-09 13:45:12,849 - root - WARNING - Error predicting with svr: This StandardScaler instance is not fitted yet. Call 'fit' with appropriate arguments before using this estimator.
2025-08-09 13:45:12,855 - root - WARNING - Error predicting with random_forest: This StandardScaler instance is not fitted yet. Call 'fit' with appropriate arguments before using this estimator.
2025-08-09 13:45:12,855 - root - WARNING - Error predicting with gradient_boosting: This StandardScaler instance is not fitted yet. Call 'fit' with appropriate arguments before using this estimator.
2025-08-09 13:45:12,855 - root - WARNING - Error predicting with svr: This StandardScaler instance is not fitted yet. Call 'fit' with appropriate arguments before using this estimator.
2025-08-09 13:45:12,862 - root - WARNING - Error predicting with random_forest: This StandardScaler instance is not fitted yet. Call 'fit' with appropriate arguments before using this estimator.
2025-08-09 13:45:12,862 - root - WARNING - Error predicting with gradient_boosting: This StandardScaler instance is not fitted yet. Call 'fit' with appropriate arguments before using this estimator.
2025-08-09 13:45:12,862 - root - WARNING - Error predicting with svr: This StandardScaler instance is not fitted yet. Call 'fit' with appropriate arguments before using this estimator.
2025-08-09 13:45:12,869 - root - WARNING - Error predicting with random_forest: This StandardScaler instance is not fitted yet. Call 'fit' with appropriate arguments before using this estimator.
2025-08-09 13:45:12,869 - root - WARNING - Error predicting with gradient_boosting: This StandardScaler instance is not fitted yet. Call 'fit' with appropriate arguments before using this estimator.
2025-08-09 13:45:12,869 - root - WARNING - Error predicting with svr: This StandardScaler instance is not fitted yet. Call 'fit' with appropriate arguments before using this estimator.
2025-08-09 13:45:12,875 - root - WARNING - Error predicting with random_forest: This StandardScaler instance is not fitted yet. Call 'fit' with appropriate arguments before using this estimator.
2025-08-09 13:45:12,875 - root - WARNING - Error predicting with gradient_boosting: This StandardScaler instance is not fitted yet. Call 'fit' with appropriate arguments before using this estimator.
2025-08-09 13:45:12,875 - root - WARNING - Error predicting with svr: This StandardScaler instance is not fitted yet. Call 'fit' with appropriate arguments before using this estimator.
2025-08-09 13:45:12,875 - root - INFO - 🔍 Generating simplified signal for EUR/USD
2025-08-09 13:45:12,916 - root - WARNING - Error predicting with random_forest: This StandardScaler instance is not fitted yet. Call 'fit' with appropriate arguments before using this estimator.
2025-08-09 13:45:12,916 - root - WARNING - Error predicting with gradient_boosting: This StandardScaler instance is not fitted yet. Call 'fit' with appropriate arguments before using this estimator.
2025-08-09 13:45:12,916 - root - WARNING - Error predicting with svr: This StandardScaler instance is not fitted yet. Call 'fit' with appropriate arguments before using this estimator.
2025-08-09 13:45:12,916 - root - ERROR - Error combining simplified analyses: ('BUY', 80.0)
2025-08-09 13:45:12,916 - root - ERROR - Error evaluating signal risk: 'NoneType' object has no attribute 'get'
2025-08-09 13:45:12,916 - root - ERROR - Error generating simplified signal: 'NoneType' object does not support item assignment
2025-08-09 13:46:12,926 - root - WARNING - Error predicting with random_forest: This StandardScaler instance is not fitted yet. Call 'fit' with appropriate arguments before using this estimator.
2025-08-09 13:46:12,927 - root - WARNING - Error predicting with gradient_boosting: This StandardScaler instance is not fitted yet. Call 'fit' with appropriate arguments before using this estimator.
2025-08-09 13:46:12,927 - root - WARNING - Error predicting with svr: This StandardScaler instance is not fitted yet. Call 'fit' with appropriate arguments before using this estimator.
2025-08-09 13:46:12,934 - root - WARNING - Error predicting with random_forest: This StandardScaler instance is not fitted yet. Call 'fit' with appropriate arguments before using this estimator.
2025-08-09 13:46:12,934 - root - WARNING - Error predicting with gradient_boosting: This StandardScaler instance is not fitted yet. Call 'fit' with appropriate arguments before using this estimator.
2025-08-09 13:46:12,934 - root - WARNING - Error predicting with svr: This StandardScaler instance is not fitted yet. Call 'fit' with appropriate arguments before using this estimator.
2025-08-09 13:46:12,940 - root - WARNING - Error predicting with random_forest: This StandardScaler instance is not fitted yet. Call 'fit' with appropriate arguments before using this estimator.
2025-08-09 13:46:12,940 - root - WARNING - Error predicting with gradient_boosting: This StandardScaler instance is not fitted yet. Call 'fit' with appropriate arguments before using this estimator.
2025-08-09 13:46:12,940 - root - WARNING - Error predicting with svr: This StandardScaler instance is not fitted yet. Call 'fit' with appropriate arguments before using this estimator.
2025-08-09 13:46:12,947 - root - WARNING - Error predicting with random_forest: This StandardScaler instance is not fitted yet. Call 'fit' with appropriate arguments before using this estimator.
2025-08-09 13:46:12,947 - root - WARNING - Error predicting with gradient_boosting: This StandardScaler instance is not fitted yet. Call 'fit' with appropriate arguments before using this estimator.
2025-08-09 13:46:12,947 - root - WARNING - Error predicting with svr: This StandardScaler instance is not fitted yet. Call 'fit' with appropriate arguments before using this estimator.
2025-08-09 13:46:12,954 - root - WARNING - Error predicting with random_forest: This StandardScaler instance is not fitted yet. Call 'fit' with appropriate arguments before using this estimator.
2025-08-09 13:46:12,954 - root - WARNING - Error predicting with gradient_boosting: This StandardScaler instance is not fitted yet. Call 'fit' with appropriate arguments before using this estimator.
2025-08-09 13:46:12,954 - root - WARNING - Error predicting with svr: This StandardScaler instance is not fitted yet. Call 'fit' with appropriate arguments before using this estimator.
2025-08-09 13:46:12,960 - root - WARNING - Error predicting with random_forest: This StandardScaler instance is not fitted yet. Call 'fit' with appropriate arguments before using this estimator.
2025-08-09 13:46:12,960 - root - WARNING - Error predicting with gradient_boosting: This StandardScaler instance is not fitted yet. Call 'fit' with appropriate arguments before using this estimator.
2025-08-09 13:46:12,960 - root - WARNING - Error predicting with svr: This StandardScaler instance is not fitted yet. Call 'fit' with appropriate arguments before using this estimator.
2025-08-09 13:46:12,967 - root - WARNING - Error predicting with random_forest: This StandardScaler instance is not fitted yet. Call 'fit' with appropriate arguments before using this estimator.
2025-08-09 13:46:12,967 - root - WARNING - Error predicting with gradient_boosting: This StandardScaler instance is not fitted yet. Call 'fit' with appropriate arguments before using this estimator.
2025-08-09 13:46:12,967 - root - WARNING - Error predicting with svr: This StandardScaler instance is not fitted yet. Call 'fit' with appropriate arguments before using this estimator.
2025-08-09 13:46:12,974 - root - WARNING - Error predicting with random_forest: This StandardScaler instance is not fitted yet. Call 'fit' with appropriate arguments before using this estimator.
2025-08-09 13:46:12,974 - root - WARNING - Error predicting with gradient_boosting: This StandardScaler instance is not fitted yet. Call 'fit' with appropriate arguments before using this estimator.
2025-08-09 13:46:12,974 - root - WARNING - Error predicting with svr: This StandardScaler instance is not fitted yet. Call 'fit' with appropriate arguments before using this estimator.
2025-08-09 13:46:12,974 - root - INFO - 🔍 Generating simplified signal for EUR/USD
2025-08-09 13:46:12,989 - root - WARNING - Error predicting with random_forest: This StandardScaler instance is not fitted yet. Call 'fit' with appropriate arguments before using this estimator.
2025-08-09 13:46:12,990 - root - WARNING - Error predicting with gradient_boosting: This StandardScaler instance is not fitted yet. Call 'fit' with appropriate arguments before using this estimator.
2025-08-09 13:46:12,990 - root - WARNING - Error predicting with svr: This StandardScaler instance is not fitted yet. Call 'fit' with appropriate arguments before using this estimator.
2025-08-09 13:46:12,990 - root - ERROR - Error combining simplified analyses: ('BUY', 80.0)
2025-08-09 13:46:12,990 - root - ERROR - Error evaluating signal risk: 'NoneType' object has no attribute 'get'
2025-08-09 13:46:12,990 - root - ERROR - Error generating simplified signal: 'NoneType' object does not support item assignment
2025-08-09 13:47:12,999 - root - WARNING - Error predicting with random_forest: This StandardScaler instance is not fitted yet. Call 'fit' with appropriate arguments before using this estimator.
2025-08-09 13:47:12,999 - root - WARNING - Error predicting with gradient_boosting: This StandardScaler instance is not fitted yet. Call 'fit' with appropriate arguments before using this estimator.
2025-08-09 13:47:12,999 - root - WARNING - Error predicting with svr: This StandardScaler instance is not fitted yet. Call 'fit' with appropriate arguments before using this estimator.
2025-08-09 13:47:13,006 - root - WARNING - Error predicting with random_forest: This StandardScaler instance is not fitted yet. Call 'fit' with appropriate arguments before using this estimator.
2025-08-09 13:47:13,006 - root - WARNING - Error predicting with gradient_boosting: This StandardScaler instance is not fitted yet. Call 'fit' with appropriate arguments before using this estimator.
2025-08-09 13:47:13,006 - root - WARNING - Error predicting with svr: This StandardScaler instance is not fitted yet. Call 'fit' with appropriate arguments before using this estimator.
2025-08-09 13:47:13,013 - root - WARNING - Error predicting with random_forest: This StandardScaler instance is not fitted yet. Call 'fit' with appropriate arguments before using this estimator.
2025-08-09 13:47:13,013 - root - WARNING - Error predicting with gradient_boosting: This StandardScaler instance is not fitted yet. Call 'fit' with appropriate arguments before using this estimator.
2025-08-09 13:47:13,013 - root - WARNING - Error predicting with svr: This StandardScaler instance is not fitted yet. Call 'fit' with appropriate arguments before using this estimator.
2025-08-09 13:47:13,019 - root - WARNING - Error predicting with random_forest: This StandardScaler instance is not fitted yet. Call 'fit' with appropriate arguments before using this estimator.
2025-08-09 13:47:13,019 - root - WARNING - Error predicting with gradient_boosting: This StandardScaler instance is not fitted yet. Call 'fit' with appropriate arguments before using this estimator.
2025-08-09 13:47:13,019 - root - WARNING - Error predicting with svr: This StandardScaler instance is not fitted yet. Call 'fit' with appropriate arguments before using this estimator.
2025-08-09 13:47:13,026 - root - WARNING - Error predicting with random_forest: This StandardScaler instance is not fitted yet. Call 'fit' with appropriate arguments before using this estimator.
2025-08-09 13:47:13,026 - root - WARNING - Error predicting with gradient_boosting: This StandardScaler instance is not fitted yet. Call 'fit' with appropriate arguments before using this estimator.
2025-08-09 13:47:13,026 - root - WARNING - Error predicting with svr: This StandardScaler instance is not fitted yet. Call 'fit' with appropriate arguments before using this estimator.
2025-08-09 13:47:13,033 - root - WARNING - Error predicting with random_forest: This StandardScaler instance is not fitted yet. Call 'fit' with appropriate arguments before using this estimator.
2025-08-09 13:47:13,033 - root - WARNING - Error predicting with gradient_boosting: This StandardScaler instance is not fitted yet. Call 'fit' with appropriate arguments before using this estimator.
2025-08-09 13:47:13,033 - root - WARNING - Error predicting with svr: This StandardScaler instance is not fitted yet. Call 'fit' with appropriate arguments before using this estimator.
2025-08-09 13:47:13,039 - root - WARNING - Error predicting with random_forest: This StandardScaler instance is not fitted yet. Call 'fit' with appropriate arguments before using this estimator.
2025-08-09 13:47:13,039 - root - WARNING - Error predicting with gradient_boosting: This StandardScaler instance is not fitted yet. Call 'fit' with appropriate arguments before using this estimator.
2025-08-09 13:47:13,039 - root - WARNING - Error predicting with svr: This StandardScaler instance is not fitted yet. Call 'fit' with appropriate arguments before using this estimator.
2025-08-09 13:47:13,046 - root - WARNING - Error predicting with random_forest: This StandardScaler instance is not fitted yet. Call 'fit' with appropriate arguments before using this estimator.
2025-08-09 13:47:13,046 - root - WARNING - Error predicting with gradient_boosting: This StandardScaler instance is not fitted yet. Call 'fit' with appropriate arguments before using this estimator.
2025-08-09 13:47:13,046 - root - WARNING - Error predicting with svr: This StandardScaler instance is not fitted yet. Call 'fit' with appropriate arguments before using this estimator.
2025-08-09 13:47:13,046 - root - INFO - 🔍 Generating simplified signal for EUR/USD
2025-08-09 13:47:13,061 - root - WARNING - Error predicting with random_forest: This StandardScaler instance is not fitted yet. Call 'fit' with appropriate arguments before using this estimator.
2025-08-09 13:47:13,061 - root - WARNING - Error predicting with gradient_boosting: This StandardScaler instance is not fitted yet. Call 'fit' with appropriate arguments before using this estimator.
2025-08-09 13:47:13,061 - root - WARNING - Error predicting with svr: This StandardScaler instance is not fitted yet. Call 'fit' with appropriate arguments before using this estimator.
2025-08-09 13:47:13,062 - root - ERROR - Error combining simplified analyses: ('BUY', 80.0)
2025-08-09 13:47:13,062 - root - ERROR - Error evaluating signal risk: 'NoneType' object has no attribute 'get'
2025-08-09 13:47:13,062 - root - ERROR - Error generating simplified signal: 'NoneType' object does not support item assignment
2025-08-09 13:48:13,071 - root - WARNING - Error predicting with random_forest: This StandardScaler instance is not fitted yet. Call 'fit' with appropriate arguments before using this estimator.
2025-08-09 13:48:13,071 - root - WARNING - Error predicting with gradient_boosting: This StandardScaler instance is not fitted yet. Call 'fit' with appropriate arguments before using this estimator.
2025-08-09 13:48:13,071 - root - WARNING - Error predicting with svr: This StandardScaler instance is not fitted yet. Call 'fit' with appropriate arguments before using this estimator.
2025-08-09 13:48:13,078 - root - WARNING - Error predicting with random_forest: This StandardScaler instance is not fitted yet. Call 'fit' with appropriate arguments before using this estimator.
2025-08-09 13:48:13,078 - root - WARNING - Error predicting with gradient_boosting: This StandardScaler instance is not fitted yet. Call 'fit' with appropriate arguments before using this estimator.
2025-08-09 13:48:13,078 - root - WARNING - Error predicting with svr: This StandardScaler instance is not fitted yet. Call 'fit' with appropriate arguments before using this estimator.
2025-08-09 13:48:13,084 - root - WARNING - Error predicting with random_forest: This StandardScaler instance is not fitted yet. Call 'fit' with appropriate arguments before using this estimator.
2025-08-09 13:48:13,085 - root - WARNING - Error predicting with gradient_boosting: This StandardScaler instance is not fitted yet. Call 'fit' with appropriate arguments before using this estimator.
2025-08-09 13:48:13,085 - root - WARNING - Error predicting with svr: This StandardScaler instance is not fitted yet. Call 'fit' with appropriate arguments before using this estimator.
2025-08-09 13:48:13,091 - root - WARNING - Error predicting with random_forest: This StandardScaler instance is not fitted yet. Call 'fit' with appropriate arguments before using this estimator.
2025-08-09 13:48:13,091 - root - WARNING - Error predicting with gradient_boosting: This StandardScaler instance is not fitted yet. Call 'fit' with appropriate arguments before using this estimator.
2025-08-09 13:48:13,091 - root - WARNING - Error predicting with svr: This StandardScaler instance is not fitted yet. Call 'fit' with appropriate arguments before using this estimator.
2025-08-09 13:48:13,098 - root - WARNING - Error predicting with random_forest: This StandardScaler instance is not fitted yet. Call 'fit' with appropriate arguments before using this estimator.
2025-08-09 13:48:13,098 - root - WARNING - Error predicting with gradient_boosting: This StandardScaler instance is not fitted yet. Call 'fit' with appropriate arguments before using this estimator.
2025-08-09 13:48:13,098 - root - WARNING - Error predicting with svr: This StandardScaler instance is not fitted yet. Call 'fit' with appropriate arguments before using this estimator.
2025-08-09 13:48:13,109 - root - WARNING - Error predicting with random_forest: This StandardScaler instance is not fitted yet. Call 'fit' with appropriate arguments before using this estimator.
2025-08-09 13:48:13,109 - root - WARNING - Error predicting with gradient_boosting: This StandardScaler instance is not fitted yet. Call 'fit' with appropriate arguments before using this estimator.
2025-08-09 13:48:13,109 - root - WARNING - Error predicting with svr: This StandardScaler instance is not fitted yet. Call 'fit' with appropriate arguments before using this estimator.
2025-08-09 13:48:13,115 - root - WARNING - Error predicting with random_forest: This StandardScaler instance is not fitted yet. Call 'fit' with appropriate arguments before using this estimator.
2025-08-09 13:48:13,116 - root - WARNING - Error predicting with gradient_boosting: This StandardScaler instance is not fitted yet. Call 'fit' with appropriate arguments before using this estimator.
2025-08-09 13:48:13,116 - root - WARNING - Error predicting with svr: This StandardScaler instance is not fitted yet. Call 'fit' with appropriate arguments before using this estimator.
2025-08-09 13:48:13,122 - root - WARNING - Error predicting with random_forest: This StandardScaler instance is not fitted yet. Call 'fit' with appropriate arguments before using this estimator.
2025-08-09 13:48:13,122 - root - WARNING - Error predicting with gradient_boosting: This StandardScaler instance is not fitted yet. Call 'fit' with appropriate arguments before using this estimator.
2025-08-09 13:48:13,122 - root - WARNING - Error predicting with svr: This StandardScaler instance is not fitted yet. Call 'fit' with appropriate arguments before using this estimator.
2025-08-09 13:48:13,122 - root - INFO - 🔍 Generating simplified signal for EUR/USD
2025-08-09 13:48:13,137 - root - WARNING - Error predicting with random_forest: This StandardScaler instance is not fitted yet. Call 'fit' with appropriate arguments before using this estimator.
2025-08-09 13:48:13,137 - root - WARNING - Error predicting with gradient_boosting: This StandardScaler instance is not fitted yet. Call 'fit' with appropriate arguments before using this estimator.
2025-08-09 13:48:13,137 - root - WARNING - Error predicting with svr: This StandardScaler instance is not fitted yet. Call 'fit' with appropriate arguments before using this estimator.
2025-08-09 13:48:13,138 - root - ERROR - Error combining simplified analyses: ('SELL', 80.0)
2025-08-09 13:48:13,138 - root - ERROR - Error evaluating signal risk: 'NoneType' object has no attribute 'get'
2025-08-09 13:48:13,138 - root - ERROR - Error generating simplified signal: 'NoneType' object does not support item assignment
2025-08-09 13:49:13,147 - root - WARNING - Error predicting with random_forest: This StandardScaler instance is not fitted yet. Call 'fit' with appropriate arguments before using this estimator.
2025-08-09 13:49:13,147 - root - WARNING - Error predicting with gradient_boosting: This StandardScaler instance is not fitted yet. Call 'fit' with appropriate arguments before using this estimator.
2025-08-09 13:49:13,147 - root - WARNING - Error predicting with svr: This StandardScaler instance is not fitted yet. Call 'fit' with appropriate arguments before using this estimator.
2025-08-09 13:49:13,154 - root - WARNING - Error predicting with random_forest: This StandardScaler instance is not fitted yet. Call 'fit' with appropriate arguments before using this estimator.
2025-08-09 13:49:13,154 - root - WARNING - Error predicting with gradient_boosting: This StandardScaler instance is not fitted yet. Call 'fit' with appropriate arguments before using this estimator.
2025-08-09 13:49:13,154 - root - WARNING - Error predicting with svr: This StandardScaler instance is not fitted yet. Call 'fit' with appropriate arguments before using this estimator.
2025-08-09 13:49:13,160 - root - WARNING - Error predicting with random_forest: This StandardScaler instance is not fitted yet. Call 'fit' with appropriate arguments before using this estimator.
2025-08-09 13:49:13,161 - root - WARNING - Error predicting with gradient_boosting: This StandardScaler instance is not fitted yet. Call 'fit' with appropriate arguments before using this estimator.
2025-08-09 13:49:13,161 - root - WARNING - Error predicting with svr: This StandardScaler instance is not fitted yet. Call 'fit' with appropriate arguments before using this estimator.
2025-08-09 13:49:13,167 - root - WARNING - Error predicting with random_forest: This StandardScaler instance is not fitted yet. Call 'fit' with appropriate arguments before using this estimator.
2025-08-09 13:49:13,167 - root - WARNING - Error predicting with gradient_boosting: This StandardScaler instance is not fitted yet. Call 'fit' with appropriate arguments before using this estimator.
2025-08-09 13:49:13,167 - root - WARNING - Error predicting with svr: This StandardScaler instance is not fitted yet. Call 'fit' with appropriate arguments before using this estimator.
2025-08-09 13:49:13,174 - root - WARNING - Error predicting with random_forest: This StandardScaler instance is not fitted yet. Call 'fit' with appropriate arguments before using this estimator.
2025-08-09 13:49:13,174 - root - WARNING - Error predicting with gradient_boosting: This StandardScaler instance is not fitted yet. Call 'fit' with appropriate arguments before using this estimator.
2025-08-09 13:49:13,174 - root - WARNING - Error predicting with svr: This StandardScaler instance is not fitted yet. Call 'fit' with appropriate arguments before using this estimator.
2025-08-09 13:49:13,181 - root - WARNING - Error predicting with random_forest: This StandardScaler instance is not fitted yet. Call 'fit' with appropriate arguments before using this estimator.
2025-08-09 13:49:13,181 - root - WARNING - Error predicting with gradient_boosting: This StandardScaler instance is not fitted yet. Call 'fit' with appropriate arguments before using this estimator.
2025-08-09 13:49:13,181 - root - WARNING - Error predicting with svr: This StandardScaler instance is not fitted yet. Call 'fit' with appropriate arguments before using this estimator.
2025-08-09 13:49:13,187 - root - WARNING - Error predicting with random_forest: This StandardScaler instance is not fitted yet. Call 'fit' with appropriate arguments before using this estimator.
2025-08-09 13:49:13,187 - root - WARNING - Error predicting with gradient_boosting: This StandardScaler instance is not fitted yet. Call 'fit' with appropriate arguments before using this estimator.
2025-08-09 13:49:13,188 - root - WARNING - Error predicting with svr: This StandardScaler instance is not fitted yet. Call 'fit' with appropriate arguments before using this estimator.
2025-08-09 13:49:13,194 - root - WARNING - Error predicting with random_forest: This StandardScaler instance is not fitted yet. Call 'fit' with appropriate arguments before using this estimator.
2025-08-09 13:49:13,194 - root - WARNING - Error predicting with gradient_boosting: This StandardScaler instance is not fitted yet. Call 'fit' with appropriate arguments before using this estimator.
2025-08-09 13:49:13,194 - root - WARNING - Error predicting with svr: This StandardScaler instance is not fitted yet. Call 'fit' with appropriate arguments before using this estimator.
2025-08-09 13:49:13,194 - root - INFO - 🔍 Generating simplified signal for EUR/USD
2025-08-09 13:49:13,210 - root - WARNING - Error predicting with random_forest: This StandardScaler instance is not fitted yet. Call 'fit' with appropriate arguments before using this estimator.
2025-08-09 13:49:13,210 - root - WARNING - Error predicting with gradient_boosting: This StandardScaler instance is not fitted yet. Call 'fit' with appropriate arguments before using this estimator.
2025-08-09 13:49:13,210 - root - WARNING - Error predicting with svr: This StandardScaler instance is not fitted yet. Call 'fit' with appropriate arguments before using this estimator.
2025-08-09 13:49:13,210 - root - ERROR - Error combining simplified analyses: ('BUY', 80.0)
2025-08-09 13:49:13,210 - root - ERROR - Error evaluating signal risk: 'NoneType' object has no attribute 'get'
2025-08-09 13:49:13,210 - root - ERROR - Error generating simplified signal: 'NoneType' object does not support item assignment
2025-08-09 13:50:13,218 - root - WARNING - Error predicting with random_forest: This StandardScaler instance is not fitted yet. Call 'fit' with appropriate arguments before using this estimator.
2025-08-09 13:50:13,219 - root - WARNING - Error predicting with gradient_boosting: This StandardScaler instance is not fitted yet. Call 'fit' with appropriate arguments before using this estimator.
2025-08-09 13:50:13,219 - root - WARNING - Error predicting with svr: This StandardScaler instance is not fitted yet. Call 'fit' with appropriate arguments before using this estimator.
2025-08-09 13:50:13,225 - root - WARNING - Error predicting with random_forest: This StandardScaler instance is not fitted yet. Call 'fit' with appropriate arguments before using this estimator.
2025-08-09 13:50:13,225 - root - WARNING - Error predicting with gradient_boosting: This StandardScaler instance is not fitted yet. Call 'fit' with appropriate arguments before using this estimator.
2025-08-09 13:50:13,226 - root - WARNING - Error predicting with svr: This StandardScaler instance is not fitted yet. Call 'fit' with appropriate arguments before using this estimator.
2025-08-09 13:50:13,232 - root - WARNING - Error predicting with random_forest: This StandardScaler instance is not fitted yet. Call 'fit' with appropriate arguments before using this estimator.
2025-08-09 13:50:13,232 - root - WARNING - Error predicting with gradient_boosting: This StandardScaler instance is not fitted yet. Call 'fit' with appropriate arguments before using this estimator.
2025-08-09 13:50:13,232 - root - WARNING - Error predicting with svr: This StandardScaler instance is not fitted yet. Call 'fit' with appropriate arguments before using this estimator.
2025-08-09 13:50:13,239 - root - WARNING - Error predicting with random_forest: This StandardScaler instance is not fitted yet. Call 'fit' with appropriate arguments before using this estimator.
2025-08-09 13:50:13,239 - root - WARNING - Error predicting with gradient_boosting: This StandardScaler instance is not fitted yet. Call 'fit' with appropriate arguments before using this estimator.
2025-08-09 13:50:13,239 - root - WARNING - Error predicting with svr: This StandardScaler instance is not fitted yet. Call 'fit' with appropriate arguments before using this estimator.
2025-08-09 13:50:13,246 - root - WARNING - Error predicting with random_forest: This StandardScaler instance is not fitted yet. Call 'fit' with appropriate arguments before using this estimator.
2025-08-09 13:50:13,246 - root - WARNING - Error predicting with gradient_boosting: This StandardScaler instance is not fitted yet. Call 'fit' with appropriate arguments before using this estimator.
2025-08-09 13:50:13,246 - root - WARNING - Error predicting with svr: This StandardScaler instance is not fitted yet. Call 'fit' with appropriate arguments before using this estimator.
2025-08-09 13:50:13,252 - root - WARNING - Error predicting with random_forest: This StandardScaler instance is not fitted yet. Call 'fit' with appropriate arguments before using this estimator.
2025-08-09 13:50:13,253 - root - WARNING - Error predicting with gradient_boosting: This StandardScaler instance is not fitted yet. Call 'fit' with appropriate arguments before using this estimator.
2025-08-09 13:50:13,253 - root - WARNING - Error predicting with svr: This StandardScaler instance is not fitted yet. Call 'fit' with appropriate arguments before using this estimator.
2025-08-09 13:50:13,259 - root - WARNING - Error predicting with random_forest: This StandardScaler instance is not fitted yet. Call 'fit' with appropriate arguments before using this estimator.
2025-08-09 13:50:13,259 - root - WARNING - Error predicting with gradient_boosting: This StandardScaler instance is not fitted yet. Call 'fit' with appropriate arguments before using this estimator.
2025-08-09 13:50:13,259 - root - WARNING - Error predicting with svr: This StandardScaler instance is not fitted yet. Call 'fit' with appropriate arguments before using this estimator.
2025-08-09 13:50:13,266 - root - WARNING - Error predicting with random_forest: This StandardScaler instance is not fitted yet. Call 'fit' with appropriate arguments before using this estimator.
2025-08-09 13:50:13,266 - root - WARNING - Error predicting with gradient_boosting: This StandardScaler instance is not fitted yet. Call 'fit' with appropriate arguments before using this estimator.
2025-08-09 13:50:13,266 - root - WARNING - Error predicting with svr: This StandardScaler instance is not fitted yet. Call 'fit' with appropriate arguments before using this estimator.
2025-08-09 13:50:13,266 - root - INFO - 🔍 Generating simplified signal for EUR/USD
2025-08-09 13:50:13,283 - root - WARNING - Error predicting with random_forest: This StandardScaler instance is not fitted yet. Call 'fit' with appropriate arguments before using this estimator.
2025-08-09 13:50:13,283 - root - WARNING - Error predicting with gradient_boosting: This StandardScaler instance is not fitted yet. Call 'fit' with appropriate arguments before using this estimator.
2025-08-09 13:50:13,283 - root - WARNING - Error predicting with svr: This StandardScaler instance is not fitted yet. Call 'fit' with appropriate arguments before using this estimator.
2025-08-09 13:50:13,284 - root - ERROR - Error combining simplified analyses: ('HOLD', 50)
2025-08-09 13:50:13,284 - root - ERROR - Error evaluating signal risk: 'NoneType' object has no attribute 'get'
2025-08-09 13:50:13,284 - root - ERROR - Error generating simplified signal: 'NoneType' object does not support item assignment
2025-08-09 13:51:13,292 - root - WARNING - Error predicting with random_forest: This StandardScaler instance is not fitted yet. Call 'fit' with appropriate arguments before using this estimator.
2025-08-09 13:51:13,292 - root - WARNING - Error predicting with gradient_boosting: This StandardScaler instance is not fitted yet. Call 'fit' with appropriate arguments before using this estimator.
2025-08-09 13:51:13,292 - root - WARNING - Error predicting with svr: This StandardScaler instance is not fitted yet. Call 'fit' with appropriate arguments before using this estimator.
2025-08-09 13:51:13,299 - root - WARNING - Error predicting with random_forest: This StandardScaler instance is not fitted yet. Call 'fit' with appropriate arguments before using this estimator.
2025-08-09 13:51:13,299 - root - WARNING - Error predicting with gradient_boosting: This StandardScaler instance is not fitted yet. Call 'fit' with appropriate arguments before using this estimator.
2025-08-09 13:51:13,299 - root - WARNING - Error predicting with svr: This StandardScaler instance is not fitted yet. Call 'fit' with appropriate arguments before using this estimator.
2025-08-09 13:51:13,306 - root - WARNING - Error predicting with random_forest: This StandardScaler instance is not fitted yet. Call 'fit' with appropriate arguments before using this estimator.
2025-08-09 13:51:13,306 - root - WARNING - Error predicting with gradient_boosting: This StandardScaler instance is not fitted yet. Call 'fit' with appropriate arguments before using this estimator.
2025-08-09 13:51:13,306 - root - WARNING - Error predicting with svr: This StandardScaler instance is not fitted yet. Call 'fit' with appropriate arguments before using this estimator.
2025-08-09 13:51:13,312 - root - WARNING - Error predicting with random_forest: This StandardScaler instance is not fitted yet. Call 'fit' with appropriate arguments before using this estimator.
2025-08-09 13:51:13,313 - root - WARNING - Error predicting with gradient_boosting: This StandardScaler instance is not fitted yet. Call 'fit' with appropriate arguments before using this estimator.
2025-08-09 13:51:13,313 - root - WARNING - Error predicting with svr: This StandardScaler instance is not fitted yet. Call 'fit' with appropriate arguments before using this estimator.
2025-08-09 13:51:13,319 - root - WARNING - Error predicting with random_forest: This StandardScaler instance is not fitted yet. Call 'fit' with appropriate arguments before using this estimator.
2025-08-09 13:51:13,319 - root - WARNING - Error predicting with gradient_boosting: This StandardScaler instance is not fitted yet. Call 'fit' with appropriate arguments before using this estimator.
2025-08-09 13:51:13,319 - root - WARNING - Error predicting with svr: This StandardScaler instance is not fitted yet. Call 'fit' with appropriate arguments before using this estimator.
2025-08-09 13:51:13,326 - root - WARNING - Error predicting with random_forest: This StandardScaler instance is not fitted yet. Call 'fit' with appropriate arguments before using this estimator.
2025-08-09 13:51:13,326 - root - WARNING - Error predicting with gradient_boosting: This StandardScaler instance is not fitted yet. Call 'fit' with appropriate arguments before using this estimator.
2025-08-09 13:51:13,326 - root - WARNING - Error predicting with svr: This StandardScaler instance is not fitted yet. Call 'fit' with appropriate arguments before using this estimator.
2025-08-09 13:51:13,333 - root - WARNING - Error predicting with random_forest: This StandardScaler instance is not fitted yet. Call 'fit' with appropriate arguments before using this estimator.
2025-08-09 13:51:13,333 - root - WARNING - Error predicting with gradient_boosting: This StandardScaler instance is not fitted yet. Call 'fit' with appropriate arguments before using this estimator.
2025-08-09 13:51:13,333 - root - WARNING - Error predicting with svr: This StandardScaler instance is not fitted yet. Call 'fit' with appropriate arguments before using this estimator.
2025-08-09 13:51:13,339 - root - WARNING - Error predicting with random_forest: This StandardScaler instance is not fitted yet. Call 'fit' with appropriate arguments before using this estimator.
2025-08-09 13:51:13,339 - root - WARNING - Error predicting with gradient_boosting: This StandardScaler instance is not fitted yet. Call 'fit' with appropriate arguments before using this estimator.
2025-08-09 13:51:13,339 - root - WARNING - Error predicting with svr: This StandardScaler instance is not fitted yet. Call 'fit' with appropriate arguments before using this estimator.
2025-08-09 13:51:13,340 - root - INFO - 🔍 Generating simplified signal for EUR/USD
2025-08-09 13:51:13,355 - root - WARNING - Error predicting with random_forest: This StandardScaler instance is not fitted yet. Call 'fit' with appropriate arguments before using this estimator.
2025-08-09 13:51:13,359 - root - WARNING - Error predicting with gradient_boosting: This StandardScaler instance is not fitted yet. Call 'fit' with appropriate arguments before using this estimator.
2025-08-09 13:51:13,359 - root - WARNING - Error predicting with svr: This StandardScaler instance is not fitted yet. Call 'fit' with appropriate arguments before using this estimator.
2025-08-09 13:51:13,359 - root - ERROR - Error combining simplified analyses: ('BUY', 80.0)
2025-08-09 13:51:13,359 - root - ERROR - Error evaluating signal risk: 'NoneType' object has no attribute 'get'
2025-08-09 13:51:13,359 - root - ERROR - Error generating simplified signal: 'NoneType' object does not support item assignment
2025-08-09 13:52:13,367 - root - WARNING - Error predicting with random_forest: This StandardScaler instance is not fitted yet. Call 'fit' with appropriate arguments before using this estimator.
2025-08-09 13:52:13,367 - root - WARNING - Error predicting with gradient_boosting: This StandardScaler instance is not fitted yet. Call 'fit' with appropriate arguments before using this estimator.
2025-08-09 13:52:13,368 - root - WARNING - Error predicting with svr: This StandardScaler instance is not fitted yet. Call 'fit' with appropriate arguments before using this estimator.
2025-08-09 13:52:13,374 - root - WARNING - Error predicting with random_forest: This StandardScaler instance is not fitted yet. Call 'fit' with appropriate arguments before using this estimator.
2025-08-09 13:52:13,374 - root - WARNING - Error predicting with gradient_boosting: This StandardScaler instance is not fitted yet. Call 'fit' with appropriate arguments before using this estimator.
2025-08-09 13:52:13,374 - root - WARNING - Error predicting with svr: This StandardScaler instance is not fitted yet. Call 'fit' with appropriate arguments before using this estimator.
2025-08-09 13:52:13,381 - root - WARNING - Error predicting with random_forest: This StandardScaler instance is not fitted yet. Call 'fit' with appropriate arguments before using this estimator.
2025-08-09 13:52:13,381 - root - WARNING - Error predicting with gradient_boosting: This StandardScaler instance is not fitted yet. Call 'fit' with appropriate arguments before using this estimator.
2025-08-09 13:52:13,381 - root - WARNING - Error predicting with svr: This StandardScaler instance is not fitted yet. Call 'fit' with appropriate arguments before using this estimator.
2025-08-09 13:52:13,388 - root - WARNING - Error predicting with random_forest: This StandardScaler instance is not fitted yet. Call 'fit' with appropriate arguments before using this estimator.
2025-08-09 13:52:13,388 - root - WARNING - Error predicting with gradient_boosting: This StandardScaler instance is not fitted yet. Call 'fit' with appropriate arguments before using this estimator.
2025-08-09 13:52:13,388 - root - WARNING - Error predicting with svr: This StandardScaler instance is not fitted yet. Call 'fit' with appropriate arguments before using this estimator.
2025-08-09 13:52:13,395 - root - WARNING - Error predicting with random_forest: This StandardScaler instance is not fitted yet. Call 'fit' with appropriate arguments before using this estimator.
2025-08-09 13:52:13,395 - root - WARNING - Error predicting with gradient_boosting: This StandardScaler instance is not fitted yet. Call 'fit' with appropriate arguments before using this estimator.
2025-08-09 13:52:13,395 - root - WARNING - Error predicting with svr: This StandardScaler instance is not fitted yet. Call 'fit' with appropriate arguments before using this estimator.
2025-08-09 13:52:13,401 - root - WARNING - Error predicting with random_forest: This StandardScaler instance is not fitted yet. Call 'fit' with appropriate arguments before using this estimator.
2025-08-09 13:52:13,401 - root - WARNING - Error predicting with gradient_boosting: This StandardScaler instance is not fitted yet. Call 'fit' with appropriate arguments before using this estimator.
2025-08-09 13:52:13,402 - root - WARNING - Error predicting with svr: This StandardScaler instance is not fitted yet. Call 'fit' with appropriate arguments before using this estimator.
2025-08-09 13:52:13,413 - root - WARNING - Error predicting with random_forest: This StandardScaler instance is not fitted yet. Call 'fit' with appropriate arguments before using this estimator.
2025-08-09 13:52:13,413 - root - WARNING - Error predicting with gradient_boosting: This StandardScaler instance is not fitted yet. Call 'fit' with appropriate arguments before using this estimator.
2025-08-09 13:52:13,413 - root - WARNING - Error predicting with svr: This StandardScaler instance is not fitted yet. Call 'fit' with appropriate arguments before using this estimator.
2025-08-09 13:52:13,419 - root - WARNING - Error predicting with random_forest: This StandardScaler instance is not fitted yet. Call 'fit' with appropriate arguments before using this estimator.
2025-08-09 13:52:13,419 - root - WARNING - Error predicting with gradient_boosting: This StandardScaler instance is not fitted yet. Call 'fit' with appropriate arguments before using this estimator.
2025-08-09 13:52:13,420 - root - WARNING - Error predicting with svr: This StandardScaler instance is not fitted yet. Call 'fit' with appropriate arguments before using this estimator.
2025-08-09 13:52:13,420 - root - INFO - 🔍 Generating simplified signal for EUR/USD
2025-08-09 13:52:13,435 - root - WARNING - Error predicting with random_forest: This StandardScaler instance is not fitted yet. Call 'fit' with appropriate arguments before using this estimator.
2025-08-09 13:52:13,435 - root - WARNING - Error predicting with gradient_boosting: This StandardScaler instance is not fitted yet. Call 'fit' with appropriate arguments before using this estimator.
2025-08-09 13:52:13,435 - root - WARNING - Error predicting with svr: This StandardScaler instance is not fitted yet. Call 'fit' with appropriate arguments before using this estimator.
2025-08-09 13:52:13,436 - root - ERROR - Error combining simplified analyses: ('SELL', 95)
2025-08-09 13:52:13,436 - root - ERROR - Error evaluating signal risk: 'NoneType' object has no attribute 'get'
2025-08-09 13:52:13,436 - root - ERROR - Error generating simplified signal: 'NoneType' object does not support item assignment
2025-08-09 13:53:13,444 - root - WARNING - Error predicting with random_forest: This StandardScaler instance is not fitted yet. Call 'fit' with appropriate arguments before using this estimator.
2025-08-09 13:53:13,444 - root - WARNING - Error predicting with gradient_boosting: This StandardScaler instance is not fitted yet. Call 'fit' with appropriate arguments before using this estimator.
2025-08-09 13:53:13,444 - root - WARNING - Error predicting with svr: This StandardScaler instance is not fitted yet. Call 'fit' with appropriate arguments before using this estimator.
2025-08-09 13:53:13,455 - root - WARNING - Error predicting with random_forest: This StandardScaler instance is not fitted yet. Call 'fit' with appropriate arguments before using this estimator.
2025-08-09 13:53:13,455 - root - WARNING - Error predicting with gradient_boosting: This StandardScaler instance is not fitted yet. Call 'fit' with appropriate arguments before using this estimator.
2025-08-09 13:53:13,455 - root - WARNING - Error predicting with svr: This StandardScaler instance is not fitted yet. Call 'fit' with appropriate arguments before using this estimator.
2025-08-09 13:53:13,462 - root - WARNING - Error predicting with random_forest: This StandardScaler instance is not fitted yet. Call 'fit' with appropriate arguments before using this estimator.
2025-08-09 13:53:13,462 - root - WARNING - Error predicting with gradient_boosting: This StandardScaler instance is not fitted yet. Call 'fit' with appropriate arguments before using this estimator.
2025-08-09 13:53:13,462 - root - WARNING - Error predicting with svr: This StandardScaler instance is not fitted yet. Call 'fit' with appropriate arguments before using this estimator.
2025-08-09 13:53:13,469 - root - WARNING - Error predicting with random_forest: This StandardScaler instance is not fitted yet. Call 'fit' with appropriate arguments before using this estimator.
2025-08-09 13:53:13,469 - root - WARNING - Error predicting with gradient_boosting: This StandardScaler instance is not fitted yet. Call 'fit' with appropriate arguments before using this estimator.
2025-08-09 13:53:13,469 - root - WARNING - Error predicting with svr: This StandardScaler instance is not fitted yet. Call 'fit' with appropriate arguments before using this estimator.
2025-08-09 13:53:13,476 - root - WARNING - Error predicting with random_forest: This StandardScaler instance is not fitted yet. Call 'fit' with appropriate arguments before using this estimator.
2025-08-09 13:53:13,476 - root - WARNING - Error predicting with gradient_boosting: This StandardScaler instance is not fitted yet. Call 'fit' with appropriate arguments before using this estimator.
2025-08-09 13:53:13,476 - root - WARNING - Error predicting with svr: This StandardScaler instance is not fitted yet. Call 'fit' with appropriate arguments before using this estimator.
2025-08-09 13:53:13,482 - root - WARNING - Error predicting with random_forest: This StandardScaler instance is not fitted yet. Call 'fit' with appropriate arguments before using this estimator.
2025-08-09 13:53:13,483 - root - WARNING - Error predicting with gradient_boosting: This StandardScaler instance is not fitted yet. Call 'fit' with appropriate arguments before using this estimator.
2025-08-09 13:53:13,483 - root - WARNING - Error predicting with svr: This StandardScaler instance is not fitted yet. Call 'fit' with appropriate arguments before using this estimator.
2025-08-09 13:53:13,489 - root - WARNING - Error predicting with random_forest: This StandardScaler instance is not fitted yet. Call 'fit' with appropriate arguments before using this estimator.
2025-08-09 13:53:13,489 - root - WARNING - Error predicting with gradient_boosting: This StandardScaler instance is not fitted yet. Call 'fit' with appropriate arguments before using this estimator.
2025-08-09 13:53:13,489 - root - WARNING - Error predicting with svr: This StandardScaler instance is not fitted yet. Call 'fit' with appropriate arguments before using this estimator.
2025-08-09 13:53:13,496 - root - WARNING - Error predicting with random_forest: This StandardScaler instance is not fitted yet. Call 'fit' with appropriate arguments before using this estimator.
2025-08-09 13:53:13,496 - root - WARNING - Error predicting with gradient_boosting: This StandardScaler instance is not fitted yet. Call 'fit' with appropriate arguments before using this estimator.
2025-08-09 13:53:13,496 - root - WARNING - Error predicting with svr: This StandardScaler instance is not fitted yet. Call 'fit' with appropriate arguments before using this estimator.
2025-08-09 13:53:13,496 - root - INFO - 🔍 Generating simplified signal for EUR/USD
2025-08-09 13:53:13,512 - root - WARNING - Error predicting with random_forest: This StandardScaler instance is not fitted yet. Call 'fit' with appropriate arguments before using this estimator.
2025-08-09 13:53:13,512 - root - WARNING - Error predicting with gradient_boosting: This StandardScaler instance is not fitted yet. Call 'fit' with appropriate arguments before using this estimator.
2025-08-09 13:53:13,512 - root - WARNING - Error predicting with svr: This StandardScaler instance is not fitted yet. Call 'fit' with appropriate arguments before using this estimator.
2025-08-09 13:53:13,512 - root - ERROR - Error combining simplified analyses: ('HOLD', 50)
2025-08-09 13:53:13,512 - root - ERROR - Error evaluating signal risk: 'NoneType' object has no attribute 'get'
2025-08-09 13:53:13,512 - root - ERROR - Error generating simplified signal: 'NoneType' object does not support item assignment
2025-08-09 13:54:13,522 - root - WARNING - Error predicting with random_forest: This StandardScaler instance is not fitted yet. Call 'fit' with appropriate arguments before using this estimator.
2025-08-09 13:54:13,522 - root - WARNING - Error predicting with gradient_boosting: This StandardScaler instance is not fitted yet. Call 'fit' with appropriate arguments before using this estimator.
2025-08-09 13:54:13,522 - root - WARNING - Error predicting with svr: This StandardScaler instance is not fitted yet. Call 'fit' with appropriate arguments before using this estimator.
2025-08-09 13:54:13,529 - root - WARNING - Error predicting with random_forest: This StandardScaler instance is not fitted yet. Call 'fit' with appropriate arguments before using this estimator.
2025-08-09 13:54:13,529 - root - WARNING - Error predicting with gradient_boosting: This StandardScaler instance is not fitted yet. Call 'fit' with appropriate arguments before using this estimator.
2025-08-09 13:54:13,529 - root - WARNING - Error predicting with svr: This StandardScaler instance is not fitted yet. Call 'fit' with appropriate arguments before using this estimator.
2025-08-09 13:54:13,536 - root - WARNING - Error predicting with random_forest: This StandardScaler instance is not fitted yet. Call 'fit' with appropriate arguments before using this estimator.
2025-08-09 13:54:13,536 - root - WARNING - Error predicting with gradient_boosting: This StandardScaler instance is not fitted yet. Call 'fit' with appropriate arguments before using this estimator.
2025-08-09 13:54:13,536 - root - WARNING - Error predicting with svr: This StandardScaler instance is not fitted yet. Call 'fit' with appropriate arguments before using this estimator.
2025-08-09 13:54:13,543 - root - WARNING - Error predicting with random_forest: This StandardScaler instance is not fitted yet. Call 'fit' with appropriate arguments before using this estimator.
2025-08-09 13:54:13,543 - root - WARNING - Error predicting with gradient_boosting: This StandardScaler instance is not fitted yet. Call 'fit' with appropriate arguments before using this estimator.
2025-08-09 13:54:13,543 - root - WARNING - Error predicting with svr: This StandardScaler instance is not fitted yet. Call 'fit' with appropriate arguments before using this estimator.
2025-08-09 13:54:13,549 - root - WARNING - Error predicting with random_forest: This StandardScaler instance is not fitted yet. Call 'fit' with appropriate arguments before using this estimator.
2025-08-09 13:54:13,549 - root - WARNING - Error predicting with gradient_boosting: This StandardScaler instance is not fitted yet. Call 'fit' with appropriate arguments before using this estimator.
2025-08-09 13:54:13,549 - root - WARNING - Error predicting with svr: This StandardScaler instance is not fitted yet. Call 'fit' with appropriate arguments before using this estimator.
2025-08-09 13:54:13,556 - root - WARNING - Error predicting with random_forest: This StandardScaler instance is not fitted yet. Call 'fit' with appropriate arguments before using this estimator.
2025-08-09 13:54:13,556 - root - WARNING - Error predicting with gradient_boosting: This StandardScaler instance is not fitted yet. Call 'fit' with appropriate arguments before using this estimator.
2025-08-09 13:54:13,556 - root - WARNING - Error predicting with svr: This StandardScaler instance is not fitted yet. Call 'fit' with appropriate arguments before using this estimator.
2025-08-09 13:54:13,563 - root - WARNING - Error predicting with random_forest: This StandardScaler instance is not fitted yet. Call 'fit' with appropriate arguments before using this estimator.
2025-08-09 13:54:13,563 - root - WARNING - Error predicting with gradient_boosting: This StandardScaler instance is not fitted yet. Call 'fit' with appropriate arguments before using this estimator.
2025-08-09 13:54:13,563 - root - WARNING - Error predicting with svr: This StandardScaler instance is not fitted yet. Call 'fit' with appropriate arguments before using this estimator.
2025-08-09 13:54:13,570 - root - WARNING - Error predicting with random_forest: This StandardScaler instance is not fitted yet. Call 'fit' with appropriate arguments before using this estimator.
2025-08-09 13:54:13,570 - root - WARNING - Error predicting with gradient_boosting: This StandardScaler instance is not fitted yet. Call 'fit' with appropriate arguments before using this estimator.
2025-08-09 13:54:13,570 - root - WARNING - Error predicting with svr: This StandardScaler instance is not fitted yet. Call 'fit' with appropriate arguments before using this estimator.
2025-08-09 13:54:13,570 - root - INFO - 🔍 Generating simplified signal for EUR/USD
2025-08-09 13:54:13,587 - root - WARNING - Error predicting with random_forest: This StandardScaler instance is not fitted yet. Call 'fit' with appropriate arguments before using this estimator.
2025-08-09 13:54:13,587 - root - WARNING - Error predicting with gradient_boosting: This StandardScaler instance is not fitted yet. Call 'fit' with appropriate arguments before using this estimator.
2025-08-09 13:54:13,587 - root - WARNING - Error predicting with svr: This StandardScaler instance is not fitted yet. Call 'fit' with appropriate arguments before using this estimator.
2025-08-09 13:54:13,587 - root - ERROR - Error combining simplified analyses: ('SELL', 95)
2025-08-09 13:54:13,587 - root - ERROR - Error evaluating signal risk: 'NoneType' object has no attribute 'get'
2025-08-09 13:54:13,587 - root - ERROR - Error generating simplified signal: 'NoneType' object does not support item assignment
2025-08-09 13:55:12,423 - root - INFO - 🛑 Demo bot shutdown complete
2025-08-09 13:55:14,837 - root - INFO - Demo logging system initialized
2025-08-09 13:55:14,837 - root - INFO - 🔧 Initializing demo components...
2025-08-09 13:55:14,837 - root - INFO - Simplified LSTM models initialized successfully
2025-08-09 13:55:14,838 - root - INFO - Models loaded successfully
2025-08-09 13:55:14,843 - root - INFO - Performance tracking database initialized
2025-08-09 13:55:14,849 - root - INFO - ✅ Demo components initialized successfully
2025-08-09 13:55:14,849 - root - INFO - 🚀 Starting Demo Signal Generation Engine...
2025-08-09 13:55:14,849 - root - INFO - 🚀 Starting Simplified Signal Generation Engine...
2025-08-09 13:55:14,849 - root - INFO - Starting Demo Pocket Option API...
2025-08-09 13:55:14,853 - root - INFO - Demo Pocket Option API started successfully
2025-08-09 13:55:14,853 - root - INFO - Performance tracking started
2025-08-09 13:55:14,853 - root - INFO - Risk level set to: MODERATE
2025-08-09 13:55:14,854 - root - INFO - ✅ Simplified Signal Generation Engine started successfully
